<?xml version="1.0" encoding="UTF-8" standalone="no"?>
<!DOCTYPE log SYSTEM "logger.dtd">
<log>
<record>
  <date>2023-08-11T10:27:28.348-0300</date>
  <logger>KEVIN NICOLAS DA SILVA SANTOS</logger>
  <level>FINE</level>
  <message>File 122210821-KEVIN NICOLAS DA SILVA SANTOS.zip was received. It was sent by KEVIN NICOLAS DA SILVA SANTOS from IP 150.165.42.188 at 11-08-2023 10*27*28</message>
</record>
</log>
<?xml version="1.0" encoding="UTF-8" standalone="no"?>
<!DOCTYPE log SYSTEM "logger.dtd">
<log>
<record>
  <date>2023-08-11T10:43:49.727-0300</date>
  <logger>KEVIN NICOLAS DA SILVA SANTOS</logger>
  <level>FINE</level>
  <message>File 122210821-KEVIN NICOLAS DA SILVA SANTOS.zip was received. It was sent by KEVIN NICOLAS DA SILVA SANTOS from IP 150.165.42.188 at 11-08-2023 10*43*49</message>
</record>
</log>
<?xml version="1.0" encoding="UTF-8" standalone="no"?>
<!DOCTYPE log SYSTEM "logger.dtd">
<log>
<record>
  <date>2023-08-16T09:18:21.703-0300</date>
  <logger>KEVIN NICOLAS DA SILVA SANTOS</logger>
  <level>FINE</level>
  <message>File 122210821-KEVIN NICOLAS DA SILVA SANTOS.zip was received. It was sent by KEVIN NICOLAS DA SILVA SANTOS from IP 150.165.42.213 at 16-08-2023 09*18*21</message>
</record>
</log>
<?xml version="1.0" encoding="UTF-8" standalone="no"?>
<!DOCTYPE log SYSTEM "logger.dtd">
<log>
<record>
  <date>2023-08-16T09:50:42.412-0300</date>
  <logger>KEVIN NICOLAS DA SILVA SANTOS</logger>
  <level>FINE</level>
  <message>File 122210821-KEVIN NICOLAS DA SILVA SANTOS.zip was received. It was sent by KEVIN NICOLAS DA SILVA SANTOS from IP 150.165.42.213 at 16-08-2023 09*50*42</message>
</record>
